{"contracts/TweetFactory.sol":{"l":{"25":1,"39":1,"40":1,"41":1,"55":0,"57":0,"58":0,"67":0,"78":0,"79":0,"80":0,"82":0,"94":0,"95":0,"96":0,"97":0,"98":0,"99":0},"path":"/Users/ramimoubayed/Desktop/CurrentCourses/BitCoinCourse/blockchain-project/project-smartcontracts/contracts/TweetFactory.sol","s":{"1":1,"2":1,"3":1,"4":0,"5":0,"6":0,"7":0,"8":0,"9":0,"10":0,"11":0,"12":0,"13":0,"14":0,"15":0},"b":{"1":[0,0],"2":[0,0]},"f":{"1":1,"2":1,"3":0,"4":0,"5":0,"6":0},"fnMap":{"1":{"name":"constructor","line":24,"loc":{"start":{"line":24,"column":4},"end":{"line":26,"column":4}}},"2":{"name":"_createTweet","line":34,"loc":{"start":{"line":34,"column":4},"end":{"line":42,"column":4}}},"3":{"name":"_updateTweet","line":50,"loc":{"start":{"line":50,"column":4},"end":{"line":59,"column":4}}},"4":{"name":"compareStrings","line":66,"loc":{"start":{"line":66,"column":4},"end":{"line":68,"column":3}}},"5":{"name":"_getTweet","line":75,"loc":{"start":{"line":75,"column":4},"end":{"line":84,"column":4}}},"6":{"name":"_deleteTweet","line":91,"loc":{"start":{"line":91,"column":4},"end":{"line":100,"column":4}}}},"statementMap":{"1":{"start":{"line":25,"column":8},"end":{"line":25,"column":22}},"2":{"start":{"line":39,"column":8},"end":{"line":39,"column":45}},"3":{"start":{"line":41,"column":8},"end":{"line":41,"column":61}},"4":{"start":{"line":55,"column":8},"end":{"line":55,"column":52}},"5":{"start":{"line":57,"column":8},"end":{"line":57,"column":40}},"6":{"start":{"line":58,"column":8},"end":{"line":58,"column":47}},"7":{"start":{"line":67,"column":7},"end":{"line":67,"column":82}},"8":{"start":{"line":78,"column":12},"end":{"line":78,"column":2083}},"9":{"start":{"line":79,"column":16},"end":{"line":79,"column":2149}},"10":{"start":{"line":80,"column":20},"end":{"line":80,"column":28}},"11":{"start":{"line":82,"column":16},"end":{"line":82,"column":40}},"12":{"start":{"line":94,"column":12},"end":{"line":94,"column":35}},"13":{"start":{"line":95,"column":12},"end":{"line":95,"column":56}},"14":{"start":{"line":96,"column":12},"end":{"line":96,"column":55}},"15":{"start":{"line":99,"column":12},"end":{"line":99,"column":42}}},"branchMap":{"1":{"line":79,"type":"if","locations":[{"start":{"line":79,"column":16},"end":{"line":79,"column":16}},{"start":{"line":79,"column":16},"end":{"line":79,"column":16}}]},"2":{"line":94,"type":"if","locations":[{"start":{"line":94,"column":12},"end":{"line":94,"column":12}},{"start":{"line":94,"column":12},"end":{"line":94,"column":12}}]}}},"contracts/ZombieFactory.sol":{"l":{"29":1,"30":1,"42":1,"43":1,"51":1,"53":1},"path":"/Users/ramimoubayed/Desktop/CurrentCourses/BitCoinCourse/blockchain-project/project-smartcontracts/contracts/ZombieFactory.sol","s":{"1":1,"2":1,"3":1,"4":1,"5":1,"6":1},"b":{},"f":{"1":1,"2":1,"3":1},"fnMap":{"1":{"name":"_createZombie","line":28,"loc":{"start":{"line":28,"column":4},"end":{"line":31,"column":4}}},"2":{"name":"_generateRandomDna","line":37,"loc":{"start":{"line":37,"column":4},"end":{"line":44,"column":4}}},"3":{"name":"createRandomZombie","line":50,"loc":{"start":{"line":50,"column":4},"end":{"line":54,"column":4}}}},"statementMap":{"1":{"start":{"line":29,"column":8},"end":{"line":29,"column":40}},"2":{"start":{"line":30,"column":8},"end":{"line":30,"column":56}},"3":{"start":{"line":42,"column":8},"end":{"line":42,"column":59}},"4":{"start":{"line":43,"column":8},"end":{"line":43,"column":32}},"5":{"start":{"line":51,"column":8},"end":{"line":51,"column":48}},"6":{"start":{"line":53,"column":8},"end":{"line":53,"column":36}}},"branchMap":{}}}