TN:
SF:/Users/ramimoubayed/Desktop/CurrentCourses/BitCoinCourse/blockchain-project/project-smartcontracts/contracts/TweetFactory.sol
FN:24,constructor
FN:34,_createTweet
FN:50,_updateTweet
FN:66,compareStrings
FN:75,_getTweet
FN:91,_deleteTweet
FNF:6
FNH:2
FNDA:1,constructor
FNDA:1,_createTweet
FNDA:0,_updateTweet
FNDA:0,compareStrings
FNDA:0,_getTweet
FNDA:0,_deleteTweet
DA:25,1
DA:39,1
DA:40,1
DA:41,1
DA:55,0
DA:57,0
DA:58,0
DA:67,0
DA:78,0
DA:79,0
DA:80,0
DA:82,0
DA:94,0
DA:95,0
DA:96,0
DA:97,0
DA:98,0
DA:99,0
LF:18
LH:4
BRDA:79,1,0,0
BRDA:79,1,1,0
BRDA:94,2,0,0
BRDA:94,2,1,0
BRF:4
BRH:0
end_of_record
TN:
SF:/Users/ramimoubayed/Desktop/CurrentCourses/BitCoinCourse/blockchain-project/project-smartcontracts/contracts/ZombieFactory.sol
FN:28,_createZombie
FN:37,_generateRandomDna
FN:50,createRandomZombie
FNF:3
FNH:3
FNDA:1,_createZombie
FNDA:1,_generateRandomDna
FNDA:1,createRandomZombie
DA:29,1
DA:30,1
DA:42,1
DA:43,1
DA:51,1
DA:53,1
LF:6
LH:6
BRF:0
BRH:0
end_of_record
